app/manifest-merger-release-report.txt
-- Merging decision tree log ---
manifest
ADDED from AndroidManifest.xml:2:1
	package
		ADDED from AndroidManifest.xml:3:7
		INJECTED from AndroidManifest.xml:0:0
		INJECTED from AndroidManifest.xml:0:0
	android:versionName
		ADDED from AndroidManifest.xml:5:7
	android:versionCode
		ADDED from AndroidManifest.xml:4:7
		INJECTED from AndroidManifest.xml:0:0
		INJECTED from AndroidManifest.xml:0:0
	xmlns:android
		ADDED from AndroidManifest.xml:2:11
uses-sdk
ADDED from AndroidManifest.xml:6:5
	android:targetSdkVersion
		INJECTED from AndroidManifest.xml:0:0
		INJECTED from AndroidManifest.xml:0:0
	android:minSdkVersion
		ADDED from AndroidManifest.xml:6:15
		INJECTED from AndroidManifest.xml:0:0
		INJECTED from AndroidManifest.xml:0:0
uses-permission#android.permission.INTERNET
ADDED from AndroidManifest.xml:7:5
	android:name
		ADDED from AndroidManifest.xml:7:22
application
ADDED from AndroidManifest.xml:9:5
	android:label
		ADDED from AndroidManifest.xml:9:57
	android:icon
		ADDED from AndroidManifest.xml:9:18
activity#com.joostvdoorn.glutenvrij.GlutenvrijActivity
ADDED from AndroidManifest.xml:10:9
	android:label
		ADDED from AndroidManifest.xml:11:19
	android:theme
		ADDED from AndroidManifest.xml:12:19
	android:name
		ADDED from AndroidManifest.xml:10:19
intent-filter#android.intent.action.MAIN+android.intent.category.LAUNCHER
ADDED from AndroidManifest.xml:13:13
action#android.intent.action.MAIN
ADDED from AndroidManifest.xml:14:17
	android:name
		ADDED from AndroidManifest.xml:14:25
category#android.intent.category.LAUNCHER
ADDED from AndroidManifest.xml:15:17
	android:name
		ADDED from AndroidManifest.xml:15:27
activity#com.joostvdoorn.glutenvrij.ScanActivity
ADDED from AndroidManifest.xml:18:9
	android:theme
		ADDED from AndroidManifest.xml:19:19
	android:name
		ADDED from AndroidManifest.xml:18:19
activity#com.joostvdoorn.glutenvrij.SearchActivity
ADDED from AndroidManifest.xml:21:9
	android:theme
		ADDED from AndroidManifest.xml:22:19
	android:name
		ADDED from AndroidManifest.xml:21:19
activity#com.joostvdoorn.glutenvrij.SearchResultActivity
ADDED from AndroidManifest.xml:24:9
	android:theme
		ADDED from AndroidManifest.xml:25:19
	android:name
		ADDED from AndroidManifest.xml:24:19
activity#com.joostvdoorn.glutenvrij.scanner.CaptureActivity
ADDED from AndroidManifest.xml:27:9
	android:screenOrientation
		ADDED from AndroidManifest.xml:28:15
	android:windowSoftInputMode
		ADDED from AndroidManifest.xml:31:15
	android:configChanges
		ADDED from AndroidManifest.xml:29:15
	android:theme
		ADDED from AndroidManifest.xml:30:15
	android:name
		ADDED from AndroidManifest.xml:27:19
activity#com.joostvdoorn.glutenvrij.scanner.PreferencesActivity
ADDED from AndroidManifest.xml:33:9
	android:name
		ADDED from AndroidManifest.xml:33:19
receiver#com.google.android.apps.analytics.AnalyticsReceiver
ADDED from AndroidManifest.xml:35:9
	android:exported
		ADDED from AndroidManifest.xml:35:86
	android:name
		ADDED from AndroidManifest.xml:35:19
intent-filter#com.android.vending.INSTALL_REFERRER
ADDED from AndroidManifest.xml:36:13
action#com.android.vending.INSTALL_REFERRER
ADDED from AndroidManifest.xml:37:17
	android:name
		ADDED from AndroidManifest.xml:37:25
uses-permission#android.permission.CAMERA
ADDED from AndroidManifest.xml:41:5
	android:name
		ADDED from AndroidManifest.xml:41:22
uses-permission#android.permission.ACCESS_NETWORK_STATE
ADDED from AndroidManifest.xml:43:5
	android:name
		ADDED from AndroidManifest.xml:43:22
uses-permission#android.permission.VIBRATE
ADDED from AndroidManifest.xml:44:5
	android:name
		ADDED from AndroidManifest.xml:44:22
uses-permission#android.permission.FLASHLIGHT
ADDED from AndroidManifest.xml:45:5
	android:name
		ADDED from AndroidManifest.xml:45:22